0 info it worked if it ends with ok
1 verbose cli [ 'C:\\Program Files\\nodejs\\\\node.exe',
1 verbose cli   'C:\\Program Files\\nodejs\\node_modules\\npm\\bin\\npm-cli.js',
1 verbose cli   'install',
1 verbose cli   'mantra' ]
2 info using npm@1.3.11
3 info using node@v0.10.21
4 verbose node symlink C:\Program Files\nodejs\\node.exe
5 verbose readDependencies using package.json deps
6 verbose cache add [ 'mantra', null ]
7 verbose cache add name=undefined spec="mantra" args=["mantra",null]
8 verbose parsed url { protocol: null,
8 verbose parsed url   slashes: null,
8 verbose parsed url   auth: null,
8 verbose parsed url   host: null,
8 verbose parsed url   port: null,
8 verbose parsed url   hostname: null,
8 verbose parsed url   hash: null,
8 verbose parsed url   search: null,
8 verbose parsed url   query: null,
8 verbose parsed url   pathname: 'mantra',
8 verbose parsed url   path: 'mantra',
8 verbose parsed url   href: 'mantra' }
9 silly lockFile 00e8a1eb-mantra mantra
10 verbose lock mantra C:\Users\kevin.burns\AppData\Roaming\npm-cache\00e8a1eb-mantra.lock
11 silly lockFile 00e8a1eb-mantra mantra
12 silly lockFile 00e8a1eb-mantra mantra
13 verbose addNamed [ 'mantra', '' ]
14 verbose addNamed [ null, '*' ]
15 silly lockFile 9763582c-mantra mantra@
16 verbose lock mantra@ C:\Users\kevin.burns\AppData\Roaming\npm-cache\9763582c-mantra.lock
17 silly addNameRange { name: 'mantra', range: '*', hasData: false }
18 verbose url raw mantra
19 verbose url resolving [ 'https://registry.npmjs.org/', './mantra' ]
20 verbose url resolved https://registry.npmjs.org/mantra
21 info trying registry request attempt 1 at 17:50:50
22 http GET https://registry.npmjs.org/mantra
23 http 404 https://registry.npmjs.org/mantra
24 silly registry.get cb [ 404,
24 silly registry.get   { server: 'CouchDB/1.3.1 (Erlang OTP/R15B03)',
24 silly registry.get     date: 'Sat, 09 Nov 2013 01:50:51 GMT',
24 silly registry.get     'content-type': 'application/json',
24 silly registry.get     'content-length': '52',
24 silly registry.get     'cache-control': 'must-revalidate' } ]
25 silly lockFile 9763582c-mantra mantra@
26 silly lockFile 9763582c-mantra mantra@
27 error 404 'mantra' is not in the npm registry.
27 error 404 You should bug the author to publish it
27 error 404
27 error 404 Note that you can also install from a
27 error 404 tarball, folder, or http url, or git url.
28 error System Windows_NT 6.2.9200
29 error command "C:\\Program Files\\nodejs\\\\node.exe" "C:\\Program Files\\nodejs\\node_modules\\npm\\bin\\npm-cli.js" "install" "mantra"
30 error cwd C:\Users\kevin.burns\Documents\GitHub\siecieborowice
31 error node -v v0.10.21
32 error npm -v 1.3.11
33 error code E404
34 verbose exit [ 1, true ]
